
99678 : 0x14f4d43f80fba : 4 : __ittapi_collector_init :  pthread_atfork() result: 0
99678 : 0x14f4d43f8cd0c : 2 : ittapi_config_mask_get :  --itt-config mask to be applied: 17
99678 : 0x14f4d43f8f108 : 2 : ittapi_config_apply_per_lib :  ITTAPI function instrumented: __itt_domain_create
99678 : 0x14f4d43f8f9b6 : 2 : ittapi_config_apply_per_lib :  ITTAPI function instrumented: __itt_string_handle_create
99678 : 0x14f4d43f900d0 : 2 : ittapi_config_apply_per_lib :  ITTAPI function instrumented: __itt_pause
99678 : 0x14f4d43f90679 : 2 : ittapi_config_apply_per_lib :  ITTAPI function instrumented: __itt_resume
99678 : 0x14f4d43f90c75 : 2 : ittapi_config_apply_per_lib :  ITTAPI function instrumented: __itt_thread_set_name
99678 : 0x14f4d43f91329 : 2 : ittapi_config_apply_per_lib :  ITTAPI function instrumented: __itt_thread_ignore
99678 : 0x14f4d43f9194d : 2 : ittapi_config_apply_per_lib :  ITTAPI function instrumented: __itt_thr_name_set
99678 : 0x14f4d43f91ece : 2 : ittapi_config_apply_per_lib :  ITTAPI function instrumented: __itt_thr_ignore
99678 : 0x14f4d440ef51c : 2 : ittapi_config_apply_per_lib :  ITTAPI function not implemented: __itt_enable_attach
99678 : 0x14f4d440f0c93 : 2 : ittapi_config_apply_per_lib :  ITTAPI function NOT instrumented (not matched by --itt-config option): __itt_sync_create

99678 : 0x14f4d440f12da : 2 : ittapi_config_apply_per_lib :  ITTAPI function NOT instrumented (not matched by --itt-config option): __itt_sync_rename

99678 : 0x14f4d440f173a : 2 : ittapi_config_apply_per_lib :  ITTAPI function NOT instrumented (not matched by --itt-config option): __itt_sync_destroy

99678 : 0x14f4d440f1b69 : 2 : ittapi_config_apply_per_lib :  ITTAPI function NOT instrumented (not matched by --itt-config option): __itt_sync_prepare

99678 : 0x14f4d440f1f5b : 2 : ittapi_config_apply_per_lib :  ITTAPI function NOT instrumented (not matched by --itt-config option): __itt_sync_cancel

99678 : 0x14f4d440f2352 : 2 : ittapi_config_apply_per_lib :  ITTAPI function NOT instrumented (not matched by --itt-config option): __itt_sync_acquired

99678 : 0x14f4d440f273a : 2 : ittapi_config_apply_per_lib :  ITTAPI function NOT instrumented (not matched by --itt-config option): __itt_sync_releasing

99678 : 0x14f4d440f3684 : 2 : ittapi_config_apply_per_lib :  ITTAPI function not implemented: __itt_suppress_push
99678 : 0x14f4d440f3f1f : 2 : ittapi_config_apply_per_lib :  ITTAPI function not implemented: __itt_suppress_pop
99678 : 0x14f4d441a200a : 2 : ittapi_config_apply_per_lib :  ITTAPI function not implemented: __itt_suppress_mark_range
99678 : 0x14f4d441a2ea1 : 2 : ittapi_config_apply_per_lib :  ITTAPI function not implemented: __itt_suppress_clear_range
99678 : 0x14f4d441a3392 : 2 : ittapi_config_apply_per_lib :  ITTAPI function NOT instrumented (not matched by --itt-config option): __itt_sync_prepare

99678 : 0x14f4d441a37a6 : 2 : ittapi_config_apply_per_lib :  ITTAPI function NOT instrumented (not matched by --itt-config option): __itt_sync_cancel

99678 : 0x14f4d441a3bc1 : 2 : ittapi_config_apply_per_lib :  ITTAPI function NOT instrumented (not matched by --itt-config option): __itt_sync_acquired

99678 : 0x14f4d441a3fad : 2 : ittapi_config_apply_per_lib :  ITTAPI function NOT instrumented (not matched by --itt-config option): __itt_sync_releasing

99678 : 0x14f4d441a465b : 2 : ittapi_config_apply_per_lib :  ITTAPI function not implemented: __itt_model_site_begin
99678 : 0x14f4d441a4d41 : 2 : ittapi_config_apply_per_lib :  ITTAPI function not implemented: __itt_model_site_end
99678 : 0x14f4d441a543c : 2 : ittapi_config_apply_per_lib :  ITTAPI function not implemented: __itt_model_task_begin
99678 : 0x14f4d441a5ab9 : 2 : ittapi_config_apply_per_lib :  ITTAPI function not implemented: __itt_model_task_end
99678 : 0x14f4d4429c8d3 : 2 : ittapi_config_apply_per_lib :  ITTAPI function not implemented: __itt_model_lock_acquire
99678 : 0x14f4d4429d6d5 : 2 : ittapi_config_apply_per_lib :  ITTAPI function not implemented: __itt_model_lock_release
99678 : 0x14f4d4429de2f : 2 : ittapi_config_apply_per_lib :  ITTAPI function not implemented: __itt_model_record_allocation
99678 : 0x14f4d4429e528 : 2 : ittapi_config_apply_per_lib :  ITTAPI function not implemented: __itt_model_record_deallocation
99678 : 0x14f4d4429eb9e : 2 : ittapi_config_apply_per_lib :  ITTAPI function not implemented: __itt_model_induction_uses
99678 : 0x14f4d4429f284 : 2 : ittapi_config_apply_per_lib :  ITTAPI function not implemented: __itt_model_reduction_uses
99678 : 0x14f4d4429f917 : 2 : ittapi_config_apply_per_lib :  ITTAPI function not implemented: __itt_model_observe_uses
99678 : 0x14f4d4429ffca : 2 : ittapi_config_apply_per_lib :  ITTAPI function not implemented: __itt_model_clear_uses
99678 : 0x14f4d442a06fd : 2 : ittapi_config_apply_per_lib :  ITTAPI function not implemented: __itt_model_site_beginA
99678 : 0x14f4d442a0dc7 : 2 : ittapi_config_apply_per_lib :  ITTAPI function not implemented: __itt_model_site_beginAL
99678 : 0x14f4d443747a3 : 2 : ittapi_config_apply_per_lib :  ITTAPI function not implemented: __itt_model_task_beginA
99678 : 0x14f4d44375528 : 2 : ittapi_config_apply_per_lib :  ITTAPI function not implemented: __itt_model_task_beginAL
99678 : 0x14f4d44375c43 : 2 : ittapi_config_apply_per_lib :  ITTAPI function not implemented: __itt_model_iteration_taskA
99678 : 0x14f4d44376337 : 2 : ittapi_config_apply_per_lib :  ITTAPI function not implemented: __itt_model_iteration_taskAL
99678 : 0x14f4d4437695f : 2 : ittapi_config_apply_per_lib :  ITTAPI function not implemented: __itt_model_site_end_2
99678 : 0x14f4d44376f20 : 2 : ittapi_config_apply_per_lib :  ITTAPI function not implemented: __itt_model_task_end_2
99678 : 0x14f4d44377683 : 2 : ittapi_config_apply_per_lib :  ITTAPI function not implemented: __itt_model_lock_acquire_2
99678 : 0x14f4d44377d85 : 2 : ittapi_config_apply_per_lib :  ITTAPI function not implemented: __itt_model_lock_release_2
99678 : 0x14f4d44378402 : 2 : ittapi_config_apply_per_lib :  ITTAPI function not implemented: __itt_model_aggregate_task
99678 : 0x14f4d44378a69 : 2 : ittapi_config_apply_per_lib :  ITTAPI function not implemented: __itt_model_disable_push
99678 : 0x14f4d443f30b9 : 2 : ittapi_config_apply_per_lib :  ITTAPI function not implemented: __itt_model_disable_pop
99678 : 0x14f4d443f3e5e : 2 : ittapi_config_apply_per_lib :  ITTAPI function not implemented: __itt_heap_function_create
99678 : 0x14f4d443f4581 : 2 : ittapi_config_apply_per_lib :  ITTAPI function not implemented: __itt_heap_allocate_begin
99678 : 0x14f4d443f4c08 : 2 : ittapi_config_apply_per_lib :  ITTAPI function not implemented: __itt_heap_allocate_end
99678 : 0x14f4d443f5381 : 2 : ittapi_config_apply_per_lib :  ITTAPI function not implemented: __itt_heap_free_begin
99678 : 0x14f4d443f5a08 : 2 : ittapi_config_apply_per_lib :  ITTAPI function not implemented: __itt_heap_free_end
99678 : 0x14f4d443f611b : 2 : ittapi_config_apply_per_lib :  ITTAPI function not implemented: __itt_heap_reallocate_begin
99678 : 0x14f4d443f6765 : 2 : ittapi_config_apply_per_lib :  ITTAPI function not implemented: __itt_heap_reallocate_end
99678 : 0x14f4d443f6e76 : 2 : ittapi_config_apply_per_lib :  ITTAPI function not implemented: __itt_heap_internal_access_begin
99678 : 0x14f4d443f755c : 2 : ittapi_config_apply_per_lib :  ITTAPI function not implemented: __itt_heap_internal_access_end
99678 : 0x14f4d4448aaa2 : 2 : ittapi_config_apply_per_lib :  ITTAPI function not implemented: __itt_heap_record_memory_growth_begin
99678 : 0x14f4d4448b70e : 2 : ittapi_config_apply_per_lib :  ITTAPI function not implemented: __itt_heap_record_memory_growth_end
99678 : 0x14f4d4448be18 : 2 : ittapi_config_apply_per_lib :  ITTAPI function not implemented: __itt_heap_reset_detection
99678 : 0x14f4d4448c496 : 2 : ittapi_config_apply_per_lib :  ITTAPI function not implemented: __itt_heap_record
99678 : 0x14f4d4448cb35 : 2 : ittapi_config_apply_per_lib :  ITTAPI function not implemented: __itt_id_create
99678 : 0x14f4d4448d1b1 : 2 : ittapi_config_apply_per_lib :  ITTAPI function not implemented: __itt_id_destroy
99678 : 0x14f4d4448d7e6 : 2 : ittapi_config_apply_per_lib :  ITTAPI function instrumented: __itt_get_timestamp
99678 : 0x14f4d4448de67 : 2 : ittapi_config_apply_per_lib :  ITTAPI function not implemented: __itt_region_begin
99678 : 0x14f4d4448e475 : 2 : ittapi_config_apply_per_lib :  ITTAPI function not implemented: __itt_region_end
99678 : 0x14f4d4448ea29 : 2 : ittapi_config_apply_per_lib :  ITTAPI function instrumented: __itt_frame_begin_v3
99678 : 0x14f4d4451cbdc : 2 : ittapi_config_apply_per_lib :  ITTAPI function instrumented: __itt_frame_end_v3
99678 : 0x14f4d4451d702 : 2 : ittapi_config_apply_per_lib :  ITTAPI function instrumented: __itt_frame_submit_v3
99678 : 0x14f4d4451db54 : 2 : ittapi_config_apply_per_lib :  ITTAPI function NOT instrumented (not matched by --itt-config option): __itt_task_group

99678 : 0x14f4d4451df81 : 2 : ittapi_config_apply_per_lib :  ITTAPI function NOT instrumented (not matched by --itt-config option): __itt_task_begin

99678 : 0x14f4d4451e36a : 2 : ittapi_config_apply_per_lib :  ITTAPI function NOT instrumented (not matched by --itt-config option): __itt_task_begin_fn

99678 : 0x14f4d4451e78d : 2 : ittapi_config_apply_per_lib :  ITTAPI function NOT instrumented (not matched by --itt-config option): __itt_task_end

99678 : 0x14f4d4451effe : 2 : ittapi_config_apply_per_lib :  ITTAPI function not implemented: __itt_counter_inc_v3
99678 : 0x14f4d4451f727 : 2 : ittapi_config_apply_per_lib :  ITTAPI function not implemented: __itt_counter_inc_delta_v3
99678 : 0x14f4d4451fe07 : 2 : ittapi_config_apply_per_lib :  ITTAPI function not implemented: __itt_marker
99678 : 0x14f4d445203c8 : 2 : ittapi_config_apply_per_lib :  ITTAPI function instrumented: __itt_metadata_add
99678 : 0x14f4d4458bad1 : 2 : ittapi_config_apply_per_lib :  ITTAPI function not implemented: __itt_metadata_str_add
99678 : 0x14f4d4458c83b : 2 : ittapi_config_apply_per_lib :  ITTAPI function not implemented: __itt_relation_add_to_current
99678 : 0x14f4d4458cec4 : 2 : ittapi_config_apply_per_lib :  ITTAPI function not implemented: __itt_relation_add
99678 : 0x14f4d4458d4d7 : 2 : ittapi_config_apply_per_lib :  ITTAPI function instrumented: __itt_event_create
99678 : 0x14f4d4458d8c5 : 2 : ittapi_config_apply_per_lib :  ITTAPI function NOT instrumented (not matched by --itt-config option): __itt_event_start

99678 : 0x14f4d4458dcd1 : 2 : ittapi_config_apply_per_lib :  ITTAPI function NOT instrumented (not matched by --itt-config option): __itt_event_end

99678 : 0x14f4d4458e0f9 : 2 : ittapi_config_apply_per_lib :  ITTAPI function NOT instrumented (not matched by --itt-config option): __itt_sync_set_name

99678 : 0x14f4d4458e60c : 2 : ittapi_config_apply_per_lib :  ITTAPI function instrumented: __itt_notify_sync_name
99678 : 0x14f4d4458eb81 : 2 : ittapi_config_apply_per_lib :  ITTAPI function instrumented: __itt_notify_sync_prepare
99678 : 0x14f4d4458f09a : 2 : ittapi_config_apply_per_lib :  ITTAPI function instrumented: __itt_notify_sync_cancel
99678 : 0x14f4d445f5c5c : 2 : ittapi_config_apply_per_lib :  ITTAPI function instrumented: __itt_notify_sync_acquired
99678 : 0x14f4d445f66ce : 2 : ittapi_config_apply_per_lib :  ITTAPI function instrumented: __itt_notify_sync_releasing
99678 : 0x14f4d445f6f1a : 2 : ittapi_config_apply_per_lib :  ITTAPI function not implemented: __itt_memory_read
99678 : 0x14f4d445f766e : 2 : ittapi_config_apply_per_lib :  ITTAPI function not implemented: __itt_memory_write
99678 : 0x14f4d445f7cc4 : 2 : ittapi_config_apply_per_lib :  ITTAPI function not implemented: __itt_memory_update
99678 : 0x14f4d445f8361 : 2 : ittapi_config_apply_per_lib :  ITTAPI function not implemented: __itt_state_get
99678 : 0x14f4d445f89bf : 2 : ittapi_config_apply_per_lib :  ITTAPI function not implemented: __itt_state_set
99678 : 0x14f4d445f8fc5 : 2 : ittapi_config_apply_per_lib :  ITTAPI function not implemented: __itt_obj_mode_set
99678 : 0x14f4d445f962a : 2 : ittapi_config_apply_per_lib :  ITTAPI function not implemented: __itt_thr_mode_set
99678 : 0x14f4d445f9b94 : 2 : ittapi_config_apply_per_lib :  ITTAPI function instrumented: __itt_frame_create
99678 : 0x14f4d446675a1 : 2 : ittapi_config_apply_per_lib :  ITTAPI function instrumented: __itt_frame_begin
99678 : 0x14f4d44667fe8 : 2 : ittapi_config_apply_per_lib :  ITTAPI function instrumented: __itt_frame_end
99678 : 0x14f4d446688ea : 2 : ittapi_config_apply_per_lib :  ITTAPI function not implemented: __itt_counter_create
99678 : 0x14f4d44669081 : 2 : ittapi_config_apply_per_lib :  ITTAPI function not implemented: __itt_counter_destroy
99678 : 0x14f4d446696ad : 2 : ittapi_config_apply_per_lib :  ITTAPI function not implemented: __itt_counter_inc
99678 : 0x14f4d44669dd1 : 2 : ittapi_config_apply_per_lib :  ITTAPI function not implemented: __itt_counter_inc_delta
99678 : 0x14f4d4466a442 : 2 : ittapi_config_apply_per_lib :  ITTAPI function not implemented: __itt_mark_create
99678 : 0x14f4d4466aa51 : 2 : ittapi_config_apply_per_lib :  ITTAPI function not implemented: __itt_mark
99678 : 0x14f4d4466b207 : 2 : ittapi_config_apply_per_lib :  ITTAPI function not implemented: __itt_mark_off
99678 : 0x14f4d4466befb : 2 : ittapi_config_apply_per_lib :  ITTAPI function not implemented: __itt_mark_global
99678 : 0x14f4d44741cf5 : 2 : ittapi_config_apply_per_lib :  ITTAPI function not implemented: __itt_mark_global_off
99678 : 0x14f4d447429ac : 2 : ittapi_config_apply_per_lib :  ITTAPI function instrumented: __itt_stack_caller_create
99678 : 0x14f4d44742f59 : 2 : ittapi_config_apply_per_lib :  ITTAPI function instrumented: __itt_stack_caller_destroy
99678 : 0x14f4d447434f1 : 2 : ittapi_config_apply_per_lib :  ITTAPI function instrumented: __itt_stack_callee_enter
99678 : 0x14f4d44743a88 : 2 : ittapi_config_apply_per_lib :  ITTAPI function instrumented: __itt_stack_callee_leave
99678 : 0x14f4d447440ef : 2 : ittapi_config_apply_per_lib :  ITTAPI function not implemented: __itt_clock_domain_create
99678 : 0x14f4d447447a7 : 2 : ittapi_config_apply_per_lib :  ITTAPI function not implemented: __itt_clock_domain_reset
99678 : 0x14f4d44744df9 : 2 : ittapi_config_apply_per_lib :  ITTAPI function not implemented: __itt_id_create_ex
99678 : 0x14f4d44745451 : 2 : ittapi_config_apply_per_lib :  ITTAPI function not implemented: __itt_id_destroy_ex
99678 : 0x14f4d44745870 : 2 : ittapi_config_apply_per_lib :  ITTAPI function NOT instrumented (not matched by --itt-config option): __itt_task_begin_ex

99678 : 0x14f4d447aec11 : 2 : ittapi_config_apply_per_lib :  ITTAPI function NOT instrumented (not matched by --itt-config option): __itt_task_begin_fn_ex

99678 : 0x14f4d447af59b : 2 : ittapi_config_apply_per_lib :  ITTAPI function NOT instrumented (not matched by --itt-config option): __itt_task_end_ex

99678 : 0x14f4d447af970 : 2 : ittapi_config_apply_per_lib :  ITTAPI function NOT instrumented (not matched by --itt-config option): __itt_task_begin_overlapped

99678 : 0x14f4d447afd80 : 2 : ittapi_config_apply_per_lib :  ITTAPI function NOT instrumented (not matched by --itt-config option): __itt_task_begin_overlapped_ex

99678 : 0x14f4d447b018d : 2 : ittapi_config_apply_per_lib :  ITTAPI function NOT instrumented (not matched by --itt-config option): __itt_task_end_overlapped

99678 : 0x14f4d447b0588 : 2 : ittapi_config_apply_per_lib :  ITTAPI function NOT instrumented (not matched by --itt-config option): __itt_task_end_overlapped_ex

99678 : 0x14f4d447b12ca : 2 : ittapi_config_apply_per_lib :  ITTAPI function not implemented: __itt_marker_ex
99678 : 0x14f4d447b19fb : 2 : ittapi_config_apply_per_lib :  ITTAPI function not implemented: __itt_metadata_add_with_scope
99678 : 0x14f4d447b2171 : 2 : ittapi_config_apply_per_lib :  ITTAPI function not implemented: __itt_metadata_str_add_with_scope
99678 : 0x14f4d447b28d2 : 2 : ittapi_config_apply_per_lib :  ITTAPI function not implemented: __itt_relation_add_to_current_ex
99678 : 0x14f4d44820357 : 2 : ittapi_config_apply_per_lib :  ITTAPI function not implemented: __itt_relation_add_ex
99678 : 0x14f4d44821028 : 2 : ittapi_config_apply_per_lib :  ITTAPI function not implemented: __itt_track_group_create
99678 : 0x14f4d44821710 : 2 : ittapi_config_apply_per_lib :  ITTAPI function not implemented: __itt_track_create
99678 : 0x14f4d44821da3 : 2 : ittapi_config_apply_per_lib :  ITTAPI function not implemented: __itt_set_track
99678 : 0x14f4d448222de : 2 : ittapi_config_apply_per_lib :  ITTAPI function instrumented: __itt_api_version
99678 : 0x14f4d448228e5 : 2 : ittapi_config_apply_per_lib :  ITTAPI function not implemented: __itt_av_save
99678 : 0x14f4d4484ecf6 : 2 : ittapi_config_mask_get :  --itt-config mask to be applied: 17
99678 : 0x14f4d4484f966 : 2 : ittapi_config_apply_per_lib :  ITTAPI function instrumented: __itt_domain_create
99678 : 0x14f4d4484ff08 : 2 : ittapi_config_apply_per_lib :  ITTAPI function instrumented: __itt_string_handle_create
99678 : 0x14f4d4485050d : 2 : ittapi_config_apply_per_lib :  ITTAPI function instrumented: __itt_pause
99678 : 0x14f4d448c8dc6 : 2 : ittapi_config_apply_per_lib :  ITTAPI function instrumented: __itt_resume
99678 : 0x14f4d448c9956 : 2 : ittapi_config_apply_per_lib :  ITTAPI function instrumented: __itt_thread_set_name
99678 : 0x14f4d448c9f5c : 2 : ittapi_config_apply_per_lib :  ITTAPI function instrumented: __itt_thread_ignore
99678 : 0x14f4d448ca4e9 : 2 : ittapi_config_apply_per_lib :  ITTAPI function instrumented: __itt_thr_name_set
99678 : 0x14f4d448caa72 : 2 : ittapi_config_apply_per_lib :  ITTAPI function instrumented: __itt_thr_ignore
99678 : 0x14f4d448cb2dd : 2 : ittapi_config_apply_per_lib :  ITTAPI function not implemented: __itt_enable_attach
99678 : 0x14f4d448cb7ad : 2 : ittapi_config_apply_per_lib :  ITTAPI function NOT instrumented (not matched by --itt-config option): __itt_sync_create

99678 : 0x14f4d448cbc24 : 2 : ittapi_config_apply_per_lib :  ITTAPI function NOT instrumented (not matched by --itt-config option): __itt_sync_rename

99678 : 0x14f4d448cc030 : 2 : ittapi_config_apply_per_lib :  ITTAPI function NOT instrumented (not matched by --itt-config option): __itt_sync_destroy

99678 : 0x14f4d448cc43a : 2 : ittapi_config_apply_per_lib :  ITTAPI function NOT instrumented (not matched by --itt-config option): __itt_sync_prepare

99678 : 0x14f4d4493f311 : 2 : ittapi_config_apply_per_lib :  ITTAPI function NOT instrumented (not matched by --itt-config option): __itt_sync_cancel

99678 : 0x14f4d4493fce9 : 2 : ittapi_config_apply_per_lib :  ITTAPI function NOT instrumented (not matched by --itt-config option): __itt_sync_acquired

99678 : 0x14f4d449400e5 : 2 : ittapi_config_apply_per_lib :  ITTAPI function NOT instrumented (not matched by --itt-config option): __itt_sync_releasing

99678 : 0x14f4d44940da4 : 2 : ittapi_config_apply_per_lib :  ITTAPI function not implemented: __itt_suppress_push
99678 : 0x14f4d4494157b : 2 : ittapi_config_apply_per_lib :  ITTAPI function not implemented: __itt_suppress_pop
99678 : 0x14f4d44941c6d : 2 : ittapi_config_apply_per_lib :  ITTAPI function not implemented: __itt_suppress_mark_range
99678 : 0x14f4d44942436 : 2 : ittapi_config_apply_per_lib :  ITTAPI function not implemented: __itt_suppress_clear_range
99678 : 0x14f4d4494284f : 2 : ittapi_config_apply_per_lib :  ITTAPI function NOT instrumented (not matched by --itt-config option): __itt_sync_prepare

99678 : 0x14f4d44942c42 : 2 : ittapi_config_apply_per_lib :  ITTAPI function NOT instrumented (not matched by --itt-config option): __itt_sync_cancel

99678 : 0x14f4d4494300b : 2 : ittapi_config_apply_per_lib :  ITTAPI function NOT instrumented (not matched by --itt-config option): __itt_sync_acquired

99678 : 0x14f4d449b6580 : 2 : ittapi_config_apply_per_lib :  ITTAPI function NOT instrumented (not matched by --itt-config option): __itt_sync_releasing

99678 : 0x14f4d449b75a9 : 2 : ittapi_config_apply_per_lib :  ITTAPI function not implemented: __itt_model_site_begin
99678 : 0x14f4d449b7d4f : 2 : ittapi_config_apply_per_lib :  ITTAPI function not implemented: __itt_model_site_end
99678 : 0x14f4d449b84e2 : 2 : ittapi_config_apply_per_lib :  ITTAPI function not implemented: __itt_model_task_begin
99678 : 0x14f4d449b8b88 : 2 : ittapi_config_apply_per_lib :  ITTAPI function not implemented: __itt_model_task_end
99678 : 0x14f4d449b91ef : 2 : ittapi_config_apply_per_lib :  ITTAPI function not implemented: __itt_model_lock_acquire
99678 : 0x14f4d449b9839 : 2 : ittapi_config_apply_per_lib :  ITTAPI function not implemented: __itt_model_lock_release
99678 : 0x14f4d449b9f65 : 2 : ittapi_config_apply_per_lib :  ITTAPI function not implemented: __itt_model_record_allocation
99678 : 0x14f4d449ba678 : 2 : ittapi_config_apply_per_lib :  ITTAPI function not implemented: __itt_model_record_deallocation
99678 : 0x14f4d449bad58 : 2 : ittapi_config_apply_per_lib :  ITTAPI function not implemented: __itt_model_induction_uses
99678 : 0x14f4d44a2e052 : 2 : ittapi_config_apply_per_lib :  ITTAPI function not implemented: __itt_model_reduction_uses
99678 : 0x14f4d44a2ed0f : 2 : ittapi_config_apply_per_lib :  ITTAPI function not implemented: __itt_model_observe_uses
99678 : 0x14f4d44a2f42a : 2 : ittapi_config_apply_per_lib :  ITTAPI function not implemented: __itt_model_clear_uses
99678 : 0x14f4d44a2fb29 : 2 : ittapi_config_apply_per_lib :  ITTAPI function not implemented: __itt_model_site_beginA
99678 : 0x14f4d44a301cb : 2 : ittapi_config_apply_per_lib :  ITTAPI function not implemented: __itt_model_site_beginAL
99678 : 0x14f4d44a3088f : 2 : ittapi_config_apply_per_lib :  ITTAPI function not implemented: __itt_model_task_beginA
99678 : 0x14f4d44a30f42 : 2 : ittapi_config_apply_per_lib :  ITTAPI function not implemented: __itt_model_task_beginAL
99678 : 0x14f4d44a3163f : 2 : ittapi_config_apply_per_lib :  ITTAPI function not implemented: __itt_model_iteration_taskA
99678 : 0x14f4d44a31d68 : 2 : ittapi_config_apply_per_lib :  ITTAPI function not implemented: __itt_model_iteration_taskAL
99678 : 0x14f4d44a323a8 : 2 : ittapi_config_apply_per_lib :  ITTAPI function not implemented: __itt_model_site_end_2
99678 : 0x14f4d44a9996c : 2 : ittapi_config_apply_per_lib :  ITTAPI function not implemented: __itt_model_task_end_2
99678 : 0x14f4d44a9a6cc : 2 : ittapi_config_apply_per_lib :  ITTAPI function not implemented: __itt_model_lock_acquire_2
99678 : 0x14f4d44a9ae35 : 2 : ittapi_config_apply_per_lib :  ITTAPI function not implemented: __itt_model_lock_release_2
99678 : 0x14f4d44a9b524 : 2 : ittapi_config_apply_per_lib :  ITTAPI function not implemented: __itt_model_aggregate_task
99678 : 0x14f4d44a9bbbd : 2 : ittapi_config_apply_per_lib :  ITTAPI function not implemented: __itt_model_disable_push
99678 : 0x14f4d44a9c280 : 2 : ittapi_config_apply_per_lib :  ITTAPI function not implemented: __itt_model_disable_pop
99678 : 0x14f4d44a9c9d0 : 2 : ittapi_config_apply_per_lib :  ITTAPI function not implemented: __itt_heap_function_create
99678 : 0x14f4d44a9d0a2 : 2 : ittapi_config_apply_per_lib :  ITTAPI function not implemented: __itt_heap_allocate_begin
99678 : 0x14f4d44a9d711 : 2 : ittapi_config_apply_per_lib :  ITTAPI function not implemented: __itt_heap_allocate_end
99678 : 0x14f4d44a9ddf4 : 2 : ittapi_config_apply_per_lib :  ITTAPI function not implemented: __itt_heap_free_begin
99678 : 0x14f4d44b0837c : 2 : ittapi_config_apply_per_lib :  ITTAPI function not implemented: __itt_heap_free_end
99678 : 0x14f4d44b0907d : 2 : ittapi_config_apply_per_lib :  ITTAPI function not implemented: __itt_heap_reallocate_begin
99678 : 0x14f4d44b096e6 : 2 : ittapi_config_apply_per_lib :  ITTAPI function not implemented: __itt_heap_reallocate_end
99678 : 0x14f4d44b09e67 : 2 : ittapi_config_apply_per_lib :  ITTAPI function not implemented: __itt_heap_internal_access_begin
99678 : 0x14f4d44b0a5a0 : 2 : ittapi_config_apply_per_lib :  ITTAPI function not implemented: __itt_heap_internal_access_end
99678 : 0x14f4d44b0acc0 : 2 : ittapi_config_apply_per_lib :  ITTAPI function not implemented: __itt_heap_record_memory_growth_begin
99678 : 0x14f4d44b0b456 : 2 : ittapi_config_apply_per_lib :  ITTAPI function not implemented: __itt_heap_record_memory_growth_end
99678 : 0x14f4d44b0baee : 2 : ittapi_config_apply_per_lib :  ITTAPI function not implemented: __itt_heap_reset_detection
99678 : 0x14f4d44b0c175 : 2 : ittapi_config_apply_per_lib :  ITTAPI function not implemented: __itt_heap_record
99678 : 0x14f4d44b0c827 : 2 : ittapi_config_apply_per_lib :  ITTAPI function not implemented: __itt_id_create
99678 : 0x14f4d44b767f8 : 2 : ittapi_config_apply_per_lib :  ITTAPI function not implemented: __itt_id_destroy
99678 : 0x14f4d44b77348 : 2 : ittapi_config_apply_per_lib :  ITTAPI function instrumented: __itt_get_timestamp
99678 : 0x14f4d44b779de : 2 : ittapi_config_apply_per_lib :  ITTAPI function not implemented: __itt_region_begin
99678 : 0x14f4d44b7803c : 2 : ittapi_config_apply_per_lib :  ITTAPI function not implemented: __itt_region_end
99678 : 0x14f4d44b78624 : 2 : ittapi_config_apply_per_lib :  ITTAPI function instrumented: __itt_frame_begin_v3
99678 : 0x14f4d44b78b5b : 2 : ittapi_config_apply_per_lib :  ITTAPI function instrumented: __itt_frame_end_v3
99678 : 0x14f4d44b790cb : 2 : ittapi_config_apply_per_lib :  ITTAPI function instrumented: __itt_frame_submit_v3
99678 : 0x14f4d44b794cc : 2 : ittapi_config_apply_per_lib :  ITTAPI function NOT instrumented (not matched by --itt-config option): __itt_task_group

99678 : 0x14f4d44b7993c : 2 : ittapi_config_apply_per_lib :  ITTAPI function NOT instrumented (not matched by --itt-config option): __itt_task_begin

99678 : 0x14f4d44b79cf2 : 2 : ittapi_config_apply_per_lib :  ITTAPI function NOT instrumented (not matched by --itt-config option): __itt_task_begin_fn

99678 : 0x14f4d44be9795 : 2 : ittapi_config_apply_per_lib :  ITTAPI function NOT instrumented (not matched by --itt-config option): __itt_task_end

99678 : 0x14f4d44bea8af : 2 : ittapi_config_apply_per_lib :  ITTAPI function not implemented: __itt_counter_inc_v3
99678 : 0x14f4d44beb065 : 2 : ittapi_config_apply_per_lib :  ITTAPI function not implemented: __itt_counter_inc_delta_v3
99678 : 0x14f4d44beb728 : 2 : ittapi_config_apply_per_lib :  ITTAPI function not implemented: __itt_marker
99678 : 0x14f4d44bebd38 : 2 : ittapi_config_apply_per_lib :  ITTAPI function instrumented: __itt_metadata_add
99678 : 0x14f4d44bec3ce : 2 : ittapi_config_apply_per_lib :  ITTAPI function not implemented: __itt_metadata_str_add
99678 : 0x14f4d44becaa5 : 2 : ittapi_config_apply_per_lib :  ITTAPI function not implemented: __itt_relation_add_to_current
99678 : 0x14f4d44bed154 : 2 : ittapi_config_apply_per_lib :  ITTAPI function not implemented: __itt_relation_add
99678 : 0x14f4d44bed6da : 2 : ittapi_config_apply_per_lib :  ITTAPI function instrumented: __itt_event_create
99678 : 0x14f4d44bedac0 : 2 : ittapi_config_apply_per_lib :  ITTAPI function NOT instrumented (not matched by --itt-config option): __itt_event_start

99678 : 0x14f4d44c5a1d1 : 2 : ittapi_config_apply_per_lib :  ITTAPI function NOT instrumented (not matched by --itt-config option): __itt_event_end

99678 : 0x14f4d44c5aa61 : 2 : ittapi_config_apply_per_lib :  ITTAPI function NOT instrumented (not matched by --itt-config option): __itt_sync_set_name

99678 : 0x14f4d44c5b23f : 2 : ittapi_config_apply_per_lib :  ITTAPI function instrumented: __itt_notify_sync_name
99678 : 0x14f4d44c5b7b1 : 2 : ittapi_config_apply_per_lib :  ITTAPI function instrumented: __itt_notify_sync_prepare
99678 : 0x14f4d44c5bd07 : 2 : ittapi_config_apply_per_lib :  ITTAPI function instrumented: __itt_notify_sync_cancel
99678 : 0x14f4d44c5c2c0 : 2 : ittapi_config_apply_per_lib :  ITTAPI function instrumented: __itt_notify_sync_acquired
99678 : 0x14f4d44c5c7de : 2 : ittapi_config_apply_per_lib :  ITTAPI function instrumented: __itt_notify_sync_releasing
99678 : 0x14f4d44c5cfb0 : 2 : ittapi_config_apply_per_lib :  ITTAPI function not implemented: __itt_memory_read
99678 : 0x14f4d44c5d6b8 : 2 : ittapi_config_apply_per_lib :  ITTAPI function not implemented: __itt_memory_write
99678 : 0x14f4d44c5dcfa : 2 : ittapi_config_apply_per_lib :  ITTAPI function not implemented: __itt_memory_update
99678 : 0x14f4d44ccec40 : 2 : ittapi_config_apply_per_lib :  ITTAPI function not implemented: __itt_state_get
99678 : 0x14f4d44ccf82f : 2 : ittapi_config_apply_per_lib :  ITTAPI function not implemented: __itt_state_set
99678 : 0x14f4d44ccfe8e : 2 : ittapi_config_apply_per_lib :  ITTAPI function not implemented: __itt_obj_mode_set
99678 : 0x14f4d44cd054b : 2 : ittapi_config_apply_per_lib :  ITTAPI function not implemented: __itt_thr_mode_set
99678 : 0x14f4d44cd0af2 : 2 : ittapi_config_apply_per_lib :  ITTAPI function instrumented: __itt_frame_create
99678 : 0x14f4d44cd108f : 2 : ittapi_config_apply_per_lib :  ITTAPI function instrumented: __itt_frame_begin
99678 : 0x14f4d44cd15f1 : 2 : ittapi_config_apply_per_lib :  ITTAPI function instrumented: __itt_frame_end
99678 : 0x14f4d44cd1c3d : 2 : ittapi_config_apply_per_lib :  ITTAPI function not implemented: __itt_counter_create
99678 : 0x14f4d44cd22e2 : 2 : ittapi_config_apply_per_lib :  ITTAPI function not implemented: __itt_counter_destroy
99678 : 0x14f4d44cd296a : 2 : ittapi_config_apply_per_lib :  ITTAPI function not implemented: __itt_counter_inc
99678 : 0x14f4d44d44856 : 2 : ittapi_config_apply_per_lib :  ITTAPI function not implemented: __itt_counter_inc_delta
99678 : 0x14f4d44d453be : 2 : ittapi_config_apply_per_lib :  ITTAPI function not implemented: __itt_mark_create
99678 : 0x14f4d44d45a70 : 2 : ittapi_config_apply_per_lib :  ITTAPI function not implemented: __itt_mark
99678 : 0x14f4d44d4613f : 2 : ittapi_config_apply_per_lib :  ITTAPI function not implemented: __itt_mark_off
99678 : 0x14f4d44d467b6 : 2 : ittapi_config_apply_per_lib :  ITTAPI function not implemented: __itt_mark_global
99678 : 0x14f4d44d46def : 2 : ittapi_config_apply_per_lib :  ITTAPI function not implemented: __itt_mark_global_off
99678 : 0x14f4d44d473ed : 2 : ittapi_config_apply_per_lib :  ITTAPI function instrumented: __itt_stack_caller_create
99678 : 0x14f4d44d47950 : 2 : ittapi_config_apply_per_lib :  ITTAPI function instrumented: __itt_stack_caller_destroy
99678 : 0x14f4d44d47ebb : 2 : ittapi_config_apply_per_lib :  ITTAPI function instrumented: __itt_stack_callee_enter
99678 : 0x14f4d44d483e3 : 2 : ittapi_config_apply_per_lib :  ITTAPI function instrumented: __itt_stack_callee_leave
99678 : 0x14f4d44dbb26a : 2 : ittapi_config_apply_per_lib :  ITTAPI function not implemented: __itt_clock_domain_create
99678 : 0x14f4d44dbbf8d : 2 : ittapi_config_apply_per_lib :  ITTAPI function not implemented: __itt_clock_domain_reset
99678 : 0x14f4d44dbc5f5 : 2 : ittapi_config_apply_per_lib :  ITTAPI function not implemented: __itt_id_create_ex
99678 : 0x14f4d44dbcc6e : 2 : ittapi_config_apply_per_lib :  ITTAPI function not implemented: __itt_id_destroy_ex
99678 : 0x14f4d44dbd09d : 2 : ittapi_config_apply_per_lib :  ITTAPI function NOT instrumented (not matched by --itt-config option): __itt_task_begin_ex

99678 : 0x14f4d44dbd4a2 : 2 : ittapi_config_apply_per_lib :  ITTAPI function NOT instrumented (not matched by --itt-config option): __itt_task_begin_fn_ex

99678 : 0x14f4d44dbd8a4 : 2 : ittapi_config_apply_per_lib :  ITTAPI function NOT instrumented (not matched by --itt-config option): __itt_task_end_ex

99678 : 0x14f4d44dbdcc5 : 2 : ittapi_config_apply_per_lib :  ITTAPI function NOT instrumented (not matched by --itt-config option): __itt_task_begin_overlapped

99678 : 0x14f4d44dbe0d3 : 2 : ittapi_config_apply_per_lib :  ITTAPI function NOT instrumented (not matched by --itt-config option): __itt_task_begin_overlapped_ex

99678 : 0x14f4d44dbe4c0 : 2 : ittapi_config_apply_per_lib :  ITTAPI function NOT instrumented (not matched by --itt-config option): __itt_task_end_overlapped

99678 : 0x14f4d44e26cf5 : 2 : ittapi_config_apply_per_lib :  ITTAPI function NOT instrumented (not matched by --itt-config option): __itt_task_end_overlapped_ex

99678 : 0x14f4d44e27ecd : 2 : ittapi_config_apply_per_lib :  ITTAPI function not implemented: __itt_marker_ex
99678 : 0x14f4d44e285ff : 2 : ittapi_config_apply_per_lib :  ITTAPI function not implemented: __itt_metadata_add_with_scope
99678 : 0x14f4d44e28dc3 : 2 : ittapi_config_apply_per_lib :  ITTAPI function not implemented: __itt_metadata_str_add_with_scope
99678 : 0x14f4d44e29526 : 2 : ittapi_config_apply_per_lib :  ITTAPI function not implemented: __itt_relation_add_to_current_ex
99678 : 0x14f4d44e29c5c : 2 : ittapi_config_apply_per_lib :  ITTAPI function not implemented: __itt_relation_add_ex
99678 : 0x14f4d44e2a369 : 2 : ittapi_config_apply_per_lib :  ITTAPI function not implemented: __itt_track_group_create
99678 : 0x14f4d44e2a9d1 : 2 : ittapi_config_apply_per_lib :  ITTAPI function not implemented: __itt_track_create
99678 : 0x14f4d44e2b025 : 2 : ittapi_config_apply_per_lib :  ITTAPI function not implemented: __itt_set_track
99678 : 0x14f4d44e2b577 : 2 : ittapi_config_apply_per_lib :  ITTAPI function instrumented: __itt_api_version
99678 : 0x14f4d44ea1ccb : 2 : ittapi_config_apply_per_lib :  ITTAPI function not implemented: __itt_av_save